<?xml version="1.0" encoding="UTF-8"?>
<testng-results skipped="0" failed="0" ignored="0" total="1" passed="1">
  <reporter-output>
  </reporter-output>
  <suite name="Default suite" duration-ms="4940" started-at="2020-06-28T08:08:48 IST" finished-at="2020-06-28T08:08:53 IST">
    <groups>
    </groups>
    <test name="Default test" duration-ms="4940" started-at="2020-06-28T08:08:48 IST" finished-at="2020-06-28T08:08:53 IST">
      <class name="SeleniumBasics.FirstSeleniumProgram">
        <test-method status="PASS" signature="setup()[pri:0, instance:SeleniumBasics.FirstSeleniumProgram@76f2b07d]" name="setup" is-config="true" duration-ms="2448" started-at="2020-06-28T08:08:48 IST" finished-at="2020-06-28T08:08:50 IST">
          <reporter-output>
          </reporter-output>
        </test-method> <!-- setup -->
        <test-method status="PASS" signature="login()[pri:0, instance:SeleniumBasics.FirstSeleniumProgram@76f2b07d]" name="login" duration-ms="2234" started-at="2020-06-28T08:08:50 IST" finished-at="2020-06-28T08:08:52 IST">
          <reporter-output>
          </reporter-output>
        </test-method> <!-- login -->
        <test-method status="PASS" signature="tearDown()[pri:0, instance:SeleniumBasics.FirstSeleniumProgram@76f2b07d]" name="tearDown" is-config="true" duration-ms="204" started-at="2020-06-28T08:08:52 IST" finished-at="2020-06-28T08:08:53 IST">
          <reporter-output>
          </reporter-output>
        </test-method> <!-- tearDown -->
      </class> <!-- SeleniumBasics.FirstSeleniumProgram -->
    </test> <!-- Default test -->
  </suite> <!-- Default suite -->
</testng-results>
